[22:34:07.354][info] [#0:/home/hls/.local/share/nvim/lsp/lua-language-server/main.lua:66]: Lua Lsp startup, root: 	/home/hls/.local/share/nvim/lsp/lua-language-server
[22:34:07.368][info] [#0:/home/hls/.local/share/nvim/lsp/lua-language-server/main.lua:67]: ROOT:	/home/hls/.local/share/nvim/lsp/lua-language-server
[22:34:07.368][info] [#0:/home/hls/.local/share/nvim/lsp/lua-language-server/main.lua:68]: LOGPATH:	/home/hls/.local/share/nvim/lsp/lua-language-server/log
[22:34:07.368][info] [#0:/home/hls/.local/share/nvim/lsp/lua-language-server/main.lua:69]: METAPATH:	/home/hls/.local/share/nvim/lsp/lua-language-server/meta
[22:34:07.383][info] [#0:/home/hls/.local/share/nvim/lsp/lua-language-server/main.lua:70]: VERSION:	3.2.3-dev
[22:34:07.642][info] [#0:script/service/service.lua:141]: 
========= Medical Examination Report =========
    --------------- Memory ---------------
        Total: 1.433 MB
        # 00 : 1.433 MB
        # 01 : 0.000 MB
        # 02 : 0.000 MB
        # 03 : 0.000 MB
        # 04 : 0.000 MB
    --------------- Coroutine ---------------
        Total:     0
        Running:   0
        Suspended: 0
        Normal:    0
        Dead:      0
    --------------- Cache ---------------
        Total: 1
        Dead:  0
    ---------------  RPC  ---------------
        Holdon:   0
        Waiting:  0
==============================================
[22:34:07.825][info] [#0:script/language.lua:137]: VSC language: zh-cn
[22:34:07.825][info] [#0:script/language.lua:138]: LS  language: zh-cn
[22:34:07.825][info] [#0:script/workspace/workspace.lua:38]: Workspace init root: 	file:///home/hls/skynet2
[22:34:07.825][info] [#0:script/workspace/workspace.lua:42]: Log path: 	/home/hls/.local/share/nvim/lsp/lua-language-server/log/file_home_hls_skynet2.log
