[11:19:04.733][info] [#0:/root/.config/coc/extensions/coc-sumneko-lua-data/sumneko-lua-ls/extension/server/main.lua:65]: Lua Lsp startup, root: 	/root/.config/coc/extensions/coc-sumneko-lua-data/sumneko-lua-ls/extension/server
[11:19:04.733][info] [#0:/root/.config/coc/extensions/coc-sumneko-lua-data/sumneko-lua-ls/extension/server/main.lua:66]: ROOT:	/root/.config/coc/extensions/coc-sumneko-lua-data/sumneko-lua-ls/extension/server
[11:19:04.733][info] [#0:/root/.config/coc/extensions/coc-sumneko-lua-data/sumneko-lua-ls/extension/server/main.lua:67]: LOGPATH:	/root/.config/coc/extensions/coc-sumneko-lua-data/sumneko-lua-ls/extension/server/log
[11:19:04.733][info] [#0:/root/.config/coc/extensions/coc-sumneko-lua-data/sumneko-lua-ls/extension/server/main.lua:68]: METAPATH:	/root/.config/coc/extensions/coc-sumneko-lua-data/sumneko-lua-ls/extension/server/meta
[11:19:04.753][info] [#0:/root/.config/coc/extensions/coc-sumneko-lua-data/sumneko-lua-ls/extension/server/main.lua:69]: VERSION:	3.0.2
[11:19:04.783][info] [#0:script/service/service.lua:141]: 
========= Medical Examination Report =========
    --------------- Memory ---------------
        Total: 3.150 MB
        # 00 : 3.150 MB
        # 01 : 0.000 MB
        # 02 : 0.000 MB
        # 03 : 0.000 MB
        # 04 : 0.000 MB
    --------------- Coroutine ---------------
        Total:     0
        Running:   0
        Suspended: 0
        Normal:    0
        Dead:      0
    --------------- Cache ---------------
        Total: 1
        Dead:  0
    ---------------  RPC  ---------------
        Holdon:   0
        Waiting:  0
==============================================
[11:19:05.040][info] [#0:script/language.lua:135]: VSC language: en-us
[11:19:05.040][info] [#0:script/language.lua:136]: LS  language: en-us
[11:19:05.040][info] [#0:script/workspace/workspace.lua:38]: Workspace init root: 	file:///root/skynet-blueprint
[11:19:05.040][info] [#0:script/workspace/workspace.lua:42]: Log path: 	/root/.config/coc/extensions/coc-sumneko-lua-data/sumneko-lua-ls/extension/server/log/file_root_skynet-blueprint.log
